[   0.000000] Initializing cgroup subsys cpuset
[    0.000000] Initializing cgroup subsys cpu
[    0.000000] Initializing cgroup subsys cpuacct
[    0.000000] Linux version 4.4.0-135-generic (buildd@lcy01-amd64-020) (gcc version 5.4.0 20160609 (Ubuntu 5.4.0-6ubuntu1~16.04.10) ) #161-Ubuntu SMP Mon Aug 27 10:45:01 UTC 2018 (Ubuntu 4.4.0-135.161-generic 4.4.140)
[    0.000000] Command line: BOOT_IMAGE=/boot/vmlinuz-4.4.0-135-generic root=LABEL=cloudimg-rootfs ro console=tty1 console=ttyS0
[    0.000000] KERNEL supported cpus:
[    0.000000]   Intel GenuineIntel
[    0.000000]   AMD AuthenticAMD
[    0.000000]   Centaur CentaurHauls
[    0.000000] x86/fpu: xstate_offset[2]:  576, xstate_sizes[2]:  256
[    0.000000] x86/fpu: Supporting XSAVE feature 0x01: 'x87 floating point registers'
[    0.000000] x86/fpu: SupporinXSAVE feature 0x02: 'SSE registers'
[    0.000000] x86/fpu: Supporting XSAVE feature 0x04: 'AVX registers'
[    0.000000] x86/fpu: Enabled xstate features 0x7, context size is 832 bytes, using 'standard' format.
[    0.000000] e820: BIOS-provided physical RAM map:
[    0.000000] BIOS-e820: [mem 0x0000000000000000-0x000000000009fbff] usable
[    0.000000] BIOS-e820: [mem 0x000000000009fc00-0x000000000009ffff] reserved
[    0.000000] BIOS-e820: [mem 0x00000000000f0000-0x00000000000fffff] reserved
[    0.000000] BIOS-e820: [mem 0x0000000000100000-0x000000003ffeffff] usable
[    0.000000] BIOS-e820: [mem 0x000000003fff0000-0x000000003fffffff] ACPI data
[    0.000000 BIOS-e820: [mem 0x00000000fec00000-0x00000000fec00fff] reserved
[    0.000000] BIOS-e820: [me0x0000ee0000x00000fe00ff] rervd
[   .0000]IOe820 [emx000000ffc00-000000000ffffffff] reserved
[   .00000 N (xeute isle proecio: acti
   00000 SMBIO 2 pesent.[   0000] pevisr deteed KVM[    00000] 820: lt_n = x3ff mx_chfn =x400000    .000] MTR:Diabled
[    0.000000] x86/PAT: MTRRs disabled, skipping PAT initialization too.
[    0.000000] CPU MTRRs all blank - virtualized system.
[    0.000000] x86/PAT: Configuration [0-7]: WB  WT  UC- UC  WB  WT  UC- UC  
[    0.000000] found SMP MP-table at [mem 0x0009fff0x009ff]mapped at [ffff88000009fff0]
[    0.000000] Scanning 1 areas for low memory corruption
[    0.000000] RAMDISK: [mem 0x3630a000-0x3717cfff]
[    0.000000] ACPI: Early table checksum verification disabled
[    0.000000] ACPI: RSDP 0x00000000000E0000 000024 (v02 VBOX  )
[    0.000000] ACPI: XSDT 0x000000003FFF0030 00003C (v01 VBOX   VBOXXSDT 00000001 ASL  00000061)
[    0.000000] ACPI: FACP 0x000000003FFF00F0 0000F4 (v04 VBOX   VBOXFACP 00000001 ASL  00000061)
[    0.000000] ACPI: DSDT 0x000000003FFF0470 0021FF (v02 VBOX   VBOXBIOS 00000002 INTL 20100528)
[    0.000000] ACPI: FACS 0x000000003FFF0200 000040
[    0.000000] ACPI: FACS 0x000000003FFF0200 000040
[    0.000000] ACPI: APIC 0x000000003FFF0240 00005C (v02 VBOX   VBOXAPIC 00000001 ASL  00000061)
[    0.000000] ACPI: SSDT 0x000000003FFF02A0 0001CC (v01 VBOX   VBOXCPUT 00000002 INTL 20100528)
[    0.000000] No NUMA configuration found
[    0.000000] Fakinga node at [mem 0x0000000000000000-0x000000003ffeffff]
[    0.000000] NODE_DATA(0) allocated [mem 0x3ffeb000-0x3ffeffff]
[    0.000000] kvm-clock: Using msrs 4b564d01 and 4b564d00
[    0.000000] kvm-clock: cpu 0, msr 0:3ffe3001, primary cpu clock
[    0.000000] kvm-clock: using sched offset of 3679809303 cycles
[    0.000000] clocksource: kvm-clock: mask: 0xffffffffffffffff max_cycles: 0x1cd42e4dffb, max_idle_ns: 881590591483 ns
[    0.000000] Zone ranges:
[    0.00000]  DMA     me 0000000000000-0x0000000000ffffff]
[    0.0000000]   A3   [mem 0x0000000001000000-0x0000000fefff]
[    0.000000]   Normal   empty
[    0.000000]   Device   empty
[    0.000000] Movable zone start for each node
[    0.000000] Early memory node ranges
[    0.000000]   node   0: [mem 0x0000000000001000-0x000000000009efff]
[    0.000000]   node   0: [mem 0x0000000000100000-0x000000003ffeffff]
[    0.000000] Initmem setup node 0 [mem 0x0000000000001000-0x000000003ffeffff]
[    0.000000] ACPI: PM-Timer IO Port: 0x4008
[    0.0000] IAPC[]:apicid2,ersion 3, ddes 0xfec00000, GSI 0-23
[    0.0000000 APIINT_C_VR(bus 0bu_iq 0 glalirq dfdfl)
[    0.000000] ACPI: INT_SRC_OVR  (bs bu_i 9loba_iq low level)
[    0.000000] Using ACPI (MADT) for SMP configuration information
[    0.000000] smpboot: Allowing 2 CPUs, 0 hotplug CPUs
[    0.000000] PM: Registered nosave memory: [mem 0x00000000-0x00fff]
[  .0000]PM: giteed nsa mmory [m x000000x0009ff
[   0.00000] PMReiseredosve memor: em0x00000-000ff]
[  000000]PM Registered nosave memory: [mem 0x000f0000-0x000fffff]
[    0.000000] e820: [mem 0x40000000-0xfebfffff] available for PCI devices
[    0.000000] Booting paravirtualized kernel on KVM
[    0.000000] clocksource: refined-jiffies: mask 0fffffff x_cycls:0xffffffma_idlns 764551601168 n
   0.00000seup_pcp: NRPU512 r_puas_bits:2 r_pu_ds n_node_ds:
    0000] PERPUEmedd  page/cu fff800fc000 s995 r19 d318 04856[   0.00] PV qspinlock hash table entries: 256 (order: 0, 4096 bytes)
[    0.000000] Built 1 zonelists in Node order, mobility grouping on.  Total pages: 257912
[    0.000000] Policy zone: DMA32
[    0.000000] Kernel command line: BOOT_IMAGE=/boot/vmlinuz-4.4.0-135-generic root=LABEL=cloudimg-rootfs ro console=tty1 console=ttyS0
[    0.000000] PID hash table entries: 4096 (order: 3, 32768 bytes)
[    0.000000] Memory: 997720K/1048120K available (8554K kernel code, 1314K rwdata, 4004K rodata, 1516K init, 1316K bss, 50400K reserved, 0K cma-reserved)
[    0.000000] SLUB: HWalign=64, Order=0-3, MinObjects=0, CPUs=2, Nodes=1
[    0.000000] Kernel/User page tables isolation: enabled
[    0.000000] Hierarchical RCU implementation.
[    0.000000] 	Build-time adjustment of leaf fanout to 64.
[    0.000000] 	RCU resicing PUfrom NRCPUS=512 to nr_cpu_ids=2.
[    0.000000] RCU: Adjusting geometry for rcu_fanout_leaf=64, nr_cpu_ids=2
[    0.000000] NR_IRQS:33024 n_iqs:440 16
[  0.000000] Console: colour VGA+ 80x25
[    0.000000]console [tty1] enabled
[    0.000000] console [ttyS0] enabled
[    0.000000] tsc: Detected 496.000 MHz processor
[    5.168457] Calibrating delay loop (skiped) preset value.. 4992.00BogoMIPS (lpj=9984000)
[    5.204625] pid_max: default: 32768 minimum: 301
[    5.213978] ACPI: Core revision 20150930
[    5.258693] ACPI: 2 ACPI AML tables successfully acquired and loaded
[    5.259837] Security Framework initialized
[    5.260572] Yama: becoming mindful.
[    5.261240] AppArmor: AppArmor initialized
[    5.262075] Dentry cache hash table entries: 131072 (order: 8, 1048576 bytes)
[    5.266104] Inode-cache hash table entries: 65536 (order: 7, 524288 bytes)
[    5.267307] Mount-cache hash table entries: 2048 (order: 2, 16384 bytes)
[    5.268373] Mountpoint-cache hash table entries: 2048 (order: 2, 16384 bytes)
[    5.269594] Initializing cgroup subsys io
[    5.270368] Initializing cgroup subsys memory
[    5.271092] Initializing cgroup subsys devices
[    5.292326] Initializing cgroup subsys freezer
[    5.293185] Initializing cgroup subsys net_cls
[    5.293994] Initializing cgroup subsys perf_event
[    5.294816] Initializing cgroup subsys net_prio
[    5.295607] Initializing cgroup subsys hugetlb
[    5.303146] Initializing cgroup subsys pids
[    5.305118] mce: CPU supports 0 MCE banks
[    5.322334] Last level iTLB entries: 4KB 128, 2MB 8, 4MB 8
[    5.323227] Last level dTLB entries: 4KB 64, 2MB 0, 4MB 0, 1GB 4
[    5.324163] Spectre V2 : Mitigation: Full generic retpoline
[    5.325048] Spectre V2 : Speculation control IBPB not-supported IBRS not-supported
[    5.326203] Spectre V2 : Filling RSB on context switch
[    5.327338] Speculative Store Bypass: Vulnerable
[    5.330620] Freeing SMP alternatives memory: 32K
[    5.462533] ftrace: allocating 32266 entries in 127 pages
[    5.691191] smpboot: APIC(0) Converting physical 0 to logical package 0
[    5.802743] smpboot: Max logical packages: 1
[    5.803770] x2apic enabled
[    5.804565] Switched APIC routing to physical x2apic.
[    5.817141] ..TIMER: vector=0x30 apic1=0 pin1=2 apic2=-1 pin2=-1
[    6.105710] smpboot: CPU0: Intel(R) Core(TM) i5-7300HQ CPU @ 2.50GHz (family: 0x6, model: 0x9e, stepping: 0x9)
[    6.171616] Performance Events: unsupported p6 CPU model 158 no PMU driver, software events only.
[    6.190639] KVM setup paravirtual spinlock
[    6.192056] x86: Booting SMP configuration:
[    6.192806] .... node  #0, CPUs:      #1
[    6.193581] kvm-clock: cpu 1, msr 0:3ffe3041, secondary cpu clock
[    6.195365] mce: CPU supports 0 MCE banks
[    6.197787] x86: Booted up 1 node, 2 CPUs
[    6.203832] smpboot: Total of 2 processors activated (9984.00 BogoMIPS)
[    6.205266] devtmpfs: initialized
[    6.207397] evm: security.selinux
[    6.208006] evm: security.SMACK64
[    6.247541] evm: security.SMACK64EXEC
[    6.248212] evm: security.SMACK64TRANSMUTE
[    6.248974] evm: security.SMACK64MMAP
[    6.249639] evm: security.ima
[    6.250245] evm: security.capability
[    6.251122] clocksource: jiffies: mask: 0xffffffff max_cycles: 0xffffffff, max_idle_ns: 7645041785100000 ns
[    6.252710] futex hash table entries: 512 (order: 3, 32768 bytes)
[    6.253914] pinctrl core: initialized pinctrl subsystem
[    6.257781] RTC time:  7:11:43, date: 09/19/18
[    6.341357] NET: Registered protocol family 16
[    6.489553] cpuidle: using governor ladder
[    6.588517] cpuidle: using governor menu
[    6.667787] PCCT header not found.
[    6.749032] ACPI: bus type PCI registered
[    6.855388] acpiphp: ACPI Hot Plug PCI Controller Driver version: 0.5
[    6.994965] PCI: Using configuration type 1 for base access
[    7.131158] ACPI: Added _OSI(Module Device)
[    7.138663] ACPI: Added _OSI(Processor Device)
[    7.150953] ACPI: Added _OSI(3.0 _SCP Extensions)
[    7.171494] ACPI: Added _OSI(Processor Aggregator Device)
[    7.221140] ACPI: Executed 1 blocks of module-level executable AML code
[    7.224266] ACPI: Interpreter enabled
[    7.265211] ACPI: (supports S0 S5)
[    7.265886] ACPI: Using IOAPIC for interrupt routing
[    7.266909] PCI: Using host bridge windows from ACPI; if necessary, use "pci=nocrs" and report a bug
[    7.286491] ACPI: PCI Root Bridge [PCI0] (domain 0000 [bus 00-ff])
[    7.336711] acpi PNP0A03:00: _OSC: OS supports [ASPM ClockPM Segments MSI]
[    7.337835] acpi PNP0A03:00: _OSC: not requesting OS control; OS requires [ExtendedConfig ASPM ClockPM MSI]
[    7.339497] acpi PNP0A03:00: fail to add MMCONFIG information, can't access extended PCI configuration space under this bridge.
[    7.341609] PCI host bridge to bus 0000:00
[    7.342375] pci_bus 0000:00: root bus resource [io  0x0000-0x0cf7 window]
[    7.374610] pci_bus 0000:00: root bus resource [io  0x0d00-0xffff window]
[    7.425630] pci_bus 0000:00: root bus resource [mem 0x000a0000-0x000bffff window]
[    7.444505] pci_bus 0000:00: root bus resource [mem 0x40000000-0xfdffffff window]
[    7.445858] pci_bus 0000:00: root bus resource [bus 00-ff]
[    7.514767] pci 0000:00:01.1: legacy IDE quirk: reg 0x10: [io  0x01f0-0x01f7]
[    7.515849] pci 0000:00:01.1: legacy IDE quirk: reg 0x14: [io  0x03f6]
[    7.516860] pci 0000:00:01.1: legacy IDE quirk: reg 0x18: [io  0x0170-0x0177]
[    7.518030] pci 0000:00:01.1: legacy IDE quirk: reg 0x1c: [io  0x0376]
[    7.582860] pci 0000:00:07.0: quirk: [io  0x4000-0x403f] claimed by PIIX4 ACPI
[    7.623486] pci 0000:00:07.0: quirk: [io  0x4100-0x410f] claimed by PIIX4 SMB
[    7.632839] ACPI: PCI Interrupt Link [LNKA] (IRQs 5 9 10 *11)
[    7.642122] ACPI: PCI Interrupt Link [LNKB] (IRQs 5 9 *10 11)
[    7.643522] ACPI: PCI Interrupt Link [LNKC] (IRQs 5 *9 10 11)
[    7.644917] ACPI: PCI Interrupt Link [LNKD] (IRQs 5 9 10 *11)
[    7.646327] ACPI: Enabled 2 GPEs in block 00 to 07
[    7.647671] vgaarb: setting as boot device: PCI:0000:00:02.0
[    7.648587] vgaarb: device added: PCI:0000:00:02.0,decodes=io+mem,owns=io+mem,locks=none
[    7.650169] vgaarb: loaded
[    7.659553] vgaarb: bridge control possible 0000:00:02.0
[    7.660704] SCSI subsystem initialized
[    7.661832] ACPI: bus type USB registered
[    7.745092] usbcore: registered new interface driver usbfs
[    7.768826] usbcore: registered new interface driver hub
[    7.920228] usbcore: registered new device driver usb
[    8.042232] PCI: Using ACPI for IRQ routing
[    8.168183] NetLabel: Initializing
[    8.212701] NetLabel:  domain hash size = 128
[    8.213556] NetLabel:  protocols = UNLABELED CIPSOv4
[    8.214443] NetLabel:  unlabeled traffic allowed by default
[    8.233829] amd_nb: Cannot enumerate AMD northbridges
[    8.275461] clocksource: Switched to clocksource kvm-clock
[    80470 ApAmo: pprm FesteEnle
[  8267]npPnAC it
[  9225600] pnp: PnP ACPI: found 3 devices
[    9.323876] clocksource: acpi_pm: mask: 0xffffff max_cycles: 0xffffff, max_idle_ns: 2085701024 ns
[    9.460575] NET: Registered protocol family 2
[    9.461491] TCP established hash table entries: 8192 (order: 4, 65536 bytes)
[    9.462635] TCP bind hash table entries: 8192 (order: 5, 131072 bytes)
[    9.463657] TCP: Hash tables configured (established 8192 bind 8192)
[    9.464749] UDP hash table entries: 512 (order: 2, 16384 bytes)
[    9.465680] UDP-Lite hash table entries: 512 (order: 2, 16384 bytes)
[    9.466751] NET: Registered protocol family 1
[    9.467491] pci 0000:00:00.0: Limiting direct PCI/PCI transfers
[    9.574677] pci 0000:00:01.0: Activating ISA DMA hang workarounds
[    9.660781] Unpacking initramfs...
[    9.916901] Freeing initrd memory: 14796K
[    9.933052] platform rtc_cmos: registered platform RTC device (no PNP device found)
[    9.934444] Scanning for low memory corruption every 60 seconds
[    9.935909] audit: initializing netlink subsys (disabled)
[    9.936777] audit: type=2000 audit(1537341105.396:1): initialized
[    9.937930] Initialise system trusted keyring
[    9.938921] HugeTLB registered 2 MB page size, pre-allocated 0 pages
[   10.029689] zbud: loaded
[   10.030646] VFS: Disk quotas dquot_6.6.0
[   10.074972] VFS: Dquot-cache hash table entries: 512 (order 0, 4096 bytes)
[   10.076321] squashfs: version 4.0 (2009/01/31) Phillip Lougher
[   10.100795] fuse init (API version 7.23)
[   10.126223] Key type big_key registered
[   10.126955] Allocating IMA MOK and blacklist keyrings.
[   10.161199] Key type asymmetric registered
[   10.182734] Asymmetric key parser 'x509' registered
[   10.183601] Block layer SCSI generic (bsg) driver version 0.4 loaded (major 249)
[   10.185043] io scheduler noop registered
[   10.185751] io scheduler deadline registered (default)
[   10.186621] io scheduler cfq registered
[   10.187407] pci_hotplug: PCI Hot Plug PCI Core version: 0.5
[   10.188452] pciehp: PCI Express Hot Plug Controller Driver version: 0.4
[   10.231252] ACPI: AC Adapter [AC] (on-line)
[   10.232271] input: Power Button as /devices/LNXSYSTM:00/LNXPWRBN:00/input/input0
[   10.234121] ACPI: Power Button [PWRF]
[   10.237423] input: Sleep Button as /devices/LNXSYSTM:00/LNXSLPBN:00/input/input1
[   10.239990] ACPI: Sleep Button [SLPF]
[   10.241383] GHES: HEST is not enabled!
[   10.242011] ACPI: Battery Slot [BAT0] (battery present)
[   10.243979] Serial: 8250/16550 driver, 32 ports, IRQ sharing enabled
[   10.282445] 00:02: ttyS0 at I/O 0x3f8 (irq = 4, base_baud = 115200) is a 16550A
[   10.286984] Linux agpgart interface v0.103
[   10.290812] loop: module loaded
[   10.292404] scsi host0: ata_piix
[   10.293382] scsi host1: ata_piix
[   10.296939] ata1: PATA max UDMA/33 cmd 0x1f0 ctl 0x3f6 bmdma 0xd000 irq 14
[   10.302602] ata2: PATA max UDMA/33 cmd 0x170 ctl 0x376 bmdma 0xd008 irq 15
[   10.304403] libphy: Fixed MDIO Bus: probed
[   10.305596] tun: Universal TUN/TAP device driver, 1.6
[   10.306750] tun: (C) 1999-2004 Max Krasnyansky <maxk@qualcomm.com>
[   10.311829] PPP generic driver version 2.4.2
[   10.314500] ehci_hcd: USB 2.0 'Enhanced' Host Controller (EHCI) Driver
[   10.318754] ehci-pci: EHCI PCI platform driver
[   10.319969] ehci-platform: EHCI generic platform driver
[   10.321330] ohci_hcd: USB 1.1 'Open' Host Controller (OHCI) Driver
[   10.322985] ohci-pci: OHCI PCI platform driver
[   10.329186] ohci-platform: OHCI generic platform driver
[   10.331771] uhci_hcd: USB Universal Host Controller Interface driver
[   10.334465] i8042: PNP: PS/2 Controller [PNP0303:PS2K,PNP0f03:PS2M] at 0x60,0x64 irq 1,12
[   10.340738] serio: i8042 KBD port at 0x60,0x64 irq 1
[   10.341885] serio: i8042 AUX port at 0x60,0x64 irq 12
[   10.353105] mousedev: PS/2 mouse device common for all mice
[   10.359094] rtc_cmos rtc_cmos: rtc core: registered rtc_cmos as rtc0
[   10.361103] rtc_cmos rtc_cmos: alarms up to one day, 114 bytes nvram
[   10.362513] i2c /dev entries driver
[   10.365391] device-mapper: uevent: version 1.0.3
[   10.366579] input: AT Translated Set 2 keyboard as /devices/platform/i8042/serio0/input/input2
[   10.371881] device-mapper: ioctl: 4.34.0-ioctl (2015-10-28) initialised: dm-devel@redhat.com
[   10.394648] ledtrig-cpu: registered to indicate activity on CPUs
[   10.397216] NET: Registered protocol family 10
[   10.416552] NET: Registered protocol family 17
[   10.440155] Key type dns_resolver registered
[   10.441386] registered taskstats version 1
[   10.448252] Loading compiled-in X.509 certificates
[   10.449630] Loaded X.509 cert 'Build time autogenerated kernel key: b7189ebc996fd79c52efc1226b6676b25e4f6a2d'
[   10.451335] zswap: loaded using pool lzo/zbud
[   10.453658] Key type trusted registered
[   10.456784] Key type encrypted registered
[   10.457517] AppArmor: AppArmor sha1 policy hashing enabled
[   10.458420] ima: No TPM chip found, activating TPM-bypass!
[   10.459332] ima: Allocated hash algorithm: sha1
[   10.460273] evm: HMAC attrs: 0x1
[   10.461179]   Magic number: 2:802:167
[   10.461886] acpi PNP0000:00: hash matches
[   10.462655] rtc_cmos rtc_cmos: setting system clock to 2018-09-19 07:11:48 UTC (1537341108)
[   10.469001] BIOS EDD facility v0.16 2004-Jun-25, 0 devices found
[   10.469972] EDD information not available.
[   10.471819] Freeing unused kernel memory: 1516K
[   10.484206] Write protecting the kernel read-only data: 14336k
[   10.931510] tsc: Refined TSC clocksource calibration: 2496.679 MHz
[   10.931513] clocksource: tsc: mask: 0xffffffffffffffff max_cycles: 0x23fcf891442, max_idle_ns: 440795259230 ns
[   10.934950] Freeing unused kernel memory: 1672K
[   10.935969] Freeing unused kernel memory: 92K
Loading, please wait...
starting version[   10.950414] random: systemd-udevd: uninitialized urandom read (16 bytes read, 3 bits of entropy available)
 229
[   10.950934] random: udevadm: uninitialized urandom read (16 bytes read, 3 bits of entropy available)
[   10.950951] random: udevadm: uninitialized urandom read (16 bytes read, 3 bits of entropy available)
[   10.958417] random: udevadm: uninitialized urandom read (16 bytes read, 3 bits of entropy available)
[   10.958452] random: udevadm: uninitialized urandom read (16 bytes read, 3 bits of entropy available)
[   10.958683] random: udevadm: uninitialized urandom read (16 bytes read, 3 bits of entropy available)
[   10.958722] random: udevadm: uninitialized urandom read (16 bytes read, 3 bits of entropy available)
[   10.958762] random: udevadm: uninitialized urandom read (16 bytes read, 3 bits of entropy available)
[   10.958799] random: udevadm: uninitialized urandom read (16 bytes read, 3 bits of entropy available)
[   10.958835] random: udevadm: uninitialized urandom read (16 bytes read, 3 bits of entropy available)
[   11.138005] e1000: Intel(R) PRO/1000 Network Driver - version 7.3.21-k8-NAPI
[   11.153724] e1000: Copyright (c) 1999-2006 Intel Corporation.
[   11.157434] Fusion MPT base driver 3.04.20
[   11.189312] Copyright (c) 1999-2008 LSI Corporation
[   11.196502] Fusion MPT SPI Host driver 3.04.20
[   11.211539] AVX2 version of gcm_enc/dec engaged.
[   11.289660] AES CTR mode by8 optimization enabled
[   11.399958] input: ImExPS/2 Generic Explorer Mouse as /devices/platform/i8042/serio1/input/input4
[   11.844234] e1000 0000:00:03.0 eth0: (PCI:33MHz:32-bit) 02:f9:a5:f1:f1:2b
[   11.950591] e1000 0000:00:03.0 eth0: Intel(R) PRO/1000 Network Connection
[   12.447718] e1000 0000:00:08.0 eth1: (PCI:33MHz:32-bit) 08:00:27:69:4c:37
[   12.514596] e1000 0000:00:08.0 eth1: Intel(R) PRO/1000 Network Connection
[   12.530066] e1000 0000:00:08.0 enp0s8: renamed from eth1
[   12.531579] mptbase: ioc0: Initiating bringup
[   12.548118] e1000 0000:00:03.0 enp0s3: renamed from eth0
[   12.628061] ioc0: LSI53C1030 A0: Capabilities={Initiator}
[   12.805496] scsi host2: ioc0: LSI53C1030 A0, FwRev=00000000h, Ports=1, MaxQ=256, IRQ=20
[   12.936343] scsi 2:0:0:0: Direct-Access     VBOX     HARDDISK         1.0  PQ: 0 ANSI: 5
[   13.392940] scsi target2:0:0: Beginning Domain Validation
[   13.452418] scsi target2:0:0: Domain Validation skipping write tests
[   13.453409] scsi target2:0:0: Ending Domain Validation
[   13.454295] scsi target2:0:0: asynchronous
[   13.455919] scsi 2:0:1:0: Direct-Access     VBOX     HARDDISK         1.0  PQ: 0 ANSI: 5
[   13.465996] scsi target2:0:1: Beginning Domain Validation
[   14.297447] scsi target2:0:1: Domain Validation skipping write tests
[   14.358587] scsi target2:0:1: Ending Domain Validation
[   14.359599] scsi target2:0:1: asynchronous
[   14.366018] sd 2:0:0:0: [sda] 20971520 512-byte logical blocks: (10.7 GB/10.0 GiB)
[   14.437298] sd 2:0:0:0: Attached scsi generic sg0 type 0
[   14.575221] sd 2:0:0:0: [sda] Write Protect is off
[   14.593943] sd 2:0:1:0: Attached scsi generic sg1 type 0
[   14.594317] sd 2:0:1:0: [sdb] 20480 512-byte logical blocks: (10.5 MB/10.0 MiB)
[   14.594570] sd 2:0:1:0: [sdb] Write Protect is off
[   14.594737] sd 2:0:1:0: [sdb] Incomplete mode parameter data
[   14.594738] sd 2:0:1:0: [sdb] Assuming drive cache: write through
[   14.595690] sd 2:0:0:0: [sda] Incomplete mode parameter data
[   14.595705] sd 2:0:0:0: [sda] Assuming drive cache: write through
[   14.600154]  sda: sda1
[   14.601158] sd 2:0:1:0: [sdb] Attached SCSI disk
[   14.601166] sd 2:0:0:0: [sda] Attached SCSI disk
Begin: Loading e[   15.945380] md: linear personality registered for level -1
ssential drivers[   16.090381] md: multipath personality registered for level -4
 ... [   16.127941] md: raid0 personality registered for level 0
[   16.131162] md: raid1 personality registered for level 1
[   16.231921] raid6: sse2x1   gen() 10514 MB/s
[   16.319713] raid6: sse2x1   xor()  7712 MB/s
[   16.419776] raid6: sse2x2   gen() 12925 MB/s
[   16.547649] raid6: sse2x2   xor()  8675 MB/s
[   16.683792] raid6: sse2x4   gen() 14879 MB/s
[   16.767761] raid6: sse2x4   xor() 10231 MB/s
[   16.859546] raid6: avx2x1   gen() 19970 MB/s
[   16.943523] raid6: avx2x2   gen() 23676 MB/s
[   17.019563] raid6: avx2x4   gen() 26523 MB/s
[   17.021808] raid6: using algorithm avx2x4 gen() 26523 MB/s
[   17.022731] raid6: using avx2x2 recovery algorithm
[   17.062827] xor: automatically using best checksumming function:
[   17.099817]    avx       : 28077.000 MB/sec
[   17.145734] async_tx: api initialized (async)
[   17.154163] md: raid6 personality registered for level 6
[   17.168221] md: raid5 personality registered for level 5
[   17.169114] md: raid4 personality registered for level 4
[   17.174887] md: raid10 personality registered for level 10
done.
Begin: Running /scripts/init-premount ... done.
Begin: Mounting[   17.339397] Btrfs loaded
 root file system ... Begin: Running /scripts/local-top ... done.
Begin: Running /scripts/local-premount ... Scanning for Btrfs filesystems
done.
Warning: fsck no[   17.406331] EXT4-fs (sda1): mounted filesystem with ordered data mode. Opts: (null)
t present, so skipping root file system
done.
Begin: Running /scripts/local-bottom ... done.
Begin: Running /scripts/init-bottom ... done.
[   17.545209] systemd[1]: systemd 229 running in system mode. (+PAM +AUDIT +SELINUX +IMA +APPARMOR +SMACK +SYSVINIT +UTMP +LIBCRYPTSETUP +GCRYPT +GNUTLS +ACL +XZ -LZ4 +SECCOMP +BLKID +ELFUTILS +KMOD -IDN)
[   17.570648] systemd[1]: Detected virtualization oracle.
[   17.654359] systemd[1]: Detected architecture x86-64.

Welcome to [1mUbuntu 16.04.5 LTS[0m!

[   17.681034] systemd[1]: Set hostname to <ubuntu>.
[   17.692579] systemd[1]: Initializing machine ID from random generator.
[   17.697053] systemd[1]: Installed transient /etc/machine-id file.
[   17.822896] systemd[1]: Created slice User and Session Slice.
[[0;32m  OK  [0m] Created slice User and Session Slice.
[   17.947805] systemd[1]: Set up automount Arbitrary Executable File Formats File System Automount Point.
[[0;32m  OK  [0m] Set up automount Arbitrary Executab...ats File System Automount Point.
[   18.064870] systemd[1]: Reached target Swap.
[[0;32m  OK  [0m] Reached target Swap.
[   18.082603] systemd[1]: Listening on LVM2 poll daemon socket.
[[0;32m  OK  [0m] Listening on LVM2 poll daemon socket.
[   18.100472] systemd[1]: Listening on Syslog Socket.
[[0;32m  OK  [0m] Listening on Syslog Socket.
[   18.147130] systemd[1]: Listening on udev Control Socket.
[[0;32m  OK  [0m] Listening on udev Control Socket.
[   18.200532] systemd[1]: Listening on Device-mapper event daemon FIFOs.
[[0;32m  OK  [0m] Listening on Device-mapper event daemon FIFOs.
[   18.288538] systemd[1]: Listening on udev Kernel Socket.
[[0;32m  OK  [0m] Listening on udev Kernel Socket.
[   18.290428] systemd[1]: Listening on Journal Audit Socket.
[[0;32m  OK  [0m] Listening on Journal Audit Socket.
[   18.292329] systemd[1]: Reached target Encrypted Volumes.
[[0;32m  OK  [0m] Reached target Encrypted Volumes.
[   18.294160] systemd[1]: Started Trigger resolvconf update for networkd DNS.
[[0;32m  OK  [0m] Started Trigger resolvconf update for networkd DNS.
[   18.297693] systemd[1]: Listening on LVM2 metadata daemon socket.
[[0;32m  OK  [0m] Listening on LVM2 metadata daemon socket.
[   18.299668] systemd[1]: Reached target System Time Synchronized.
[[0;32m  OK  [0m] Reached target System Time Synchronized.
[   18.301885] systemd[1]: Created slice System Slice.
[[0;32m  OK  [0m] Created slice System Slice.
[   18.303628] systemd[1]: Reached target Slices.
[[0;32m  OK  [0m] Reached target Slices.
[   18.305472] systemd[1]: Created slice system-serial\x2dgetty.slice.
[[0;32m  OK  [0m] Created slice system-serial\x2dgetty.slice.
[   18.357286] systemd[1]: Listening on Journal Socket (/dev/log).
[[0;32m  OK  [0m] Listening on Journal Socket (/dev/log).
[   18.423895] systemd[1]: Reached target User and Group Name Lookups.
[[0;32m  OK  [0m] Reached target User and Group Name Lookups.
[   18.446848] systemd[1]: Listening on Journal Socket.
[[0;32m  OK  [0m] Listening on Journal Socket.
[   18.459638] systemd[1]: Starting Create list of required static device nodes for the current kernel...
         Starting Create list of required st... nodes for the current kernel...
[   18.509582] systemd[1]: Starting Nameserver information manager...
         Starting Nameserver information manager...
[   18.520784] systemd[1]: Starting Uncomplicated firewall...
         Starting Uncomplicated firewall...
[   18.568182] systemd[1]: Starting Set console keymap...
         Starting Set console keymap...
[   18.571811] systemd[1]: Mounting Huge Pages File System...
         Mounting Huge Pages File System...
[   18.581257] systemd[1]: Starting Load Kernel Modules...
[   .518 Ldi iSIraspt casv2-8.          Startin[   19.193192] random: nonblocking pool is initialized
g Load Kernel Modules...
[   19.266116] systemd[1]: Mounting Debug File System...
         Mounting Debug File Sys[   19.274519] iscsi: registered transport (tcp)
tem...
[   19.385833] systemd[1]: Starting Monitoring of LVM2 mirrors, snapshots etc. using dmeventd or progress polling...
         Starting Monitoring of LVM2 mirrors... dmeventd or progress polling...
[   19.396661] systemd[1]: Starting Remount Root and Kernel File Systems...
         Starting Remount Root and Kernel File S[   19.407577] EXT4-fs (sda1): re-mounted. Opts: (null)
ystems...
[   19.414744] systemd[1]: Starting Journal Service...
         Starting Journal Service...
[   19.437509] systemd[1]: Listening on /dev/initctl Compatibility Named Pipe.
[[0;32m  OK  [0m] Listening on /dev/initctl Compatibility Named Pipe.
[   19.637103] systemd[1]: Started Forward Password Requests to Wall Directory Watch.
[[0;32m  OK  [0m] Started Forward Password Requests to Wall Directory Watch.
[   19.641775] iscsi: registered transport (iser)
[   19.735747] systemd[1]: Mounting POSIX Message Queue File System...
         Mounting POSIX Message Queue File System...
[   19.816419] systemd[1]: Mounted Huge Pages File System.
[[0;32m  OK  [0m] Mounted Huge Pages File System.
[   19.865088] systemd[1]: Mounted POSIX Message Queue File System.
[[0;32m  OK  [0m] Mounted POSIX Message Queue File System.
[   19.869029] systemd[1]: Mounted Debug File System.
[[0;32m  OK  [0m] Mounted Debug File System.
[   19.911719] systemd[1]: Started Journal Service.
[[0;32m  OK  [0m] Started Journal Service.
[[0;32m  OK  [0m] Started Create list of required sta...ce nodes for the current kernel.
[[0;32m  OK  [0m] Started Uncomplicated firewall.
[[0;32m  OK  [0m] Started Set console keymap.
[[0;32m  OK  [0m] Started Load Kernel Modules.
[[0;32m  OK  [0m] Started Remount Root and Kernel File Systems.
[[0;32m  OK  [0m] Started Nameserver information manager.
[[0;32m  OK  [0m] Started LVM2 metadata daemon.
         Starting udev Coldplug all Devices...
         Starting Load/Save Random Seed...
         Mounting FUSE Control File System...
         Starting Apply Kernel Variables...
         Starting Create Static Device Nodes in /dev...
         Starting Flush Journal to Persistent Storage...
[[0;32m  OK  [0m] Mounted FUSE Control File System.
[[0;32m  OK  [0m] Started Load/Save Random Seed.
[[0;32m  OK  [0m] Started Apply Kernel Variables.
[[0;32m  OK  [0m] Started Create Static Device Nodes in /dev.
[[0;32m  OK  [0m] Started udev Coldplug all Devices.
[[0;32m  OK  [0m] Started Monitoring of LVM2 mirrors,...ng dmeventd or progress polling.
[[0;32m  OK  [0m] Started Flush Journal to Persistent Storage.
         Starting udev Kernel Device Manager...
[[0;32m  OK  [0m] Started udev Kernel Device Manager.
[[0;32m  OK  [0m] Reached target Local File Systems (Pre).
[[0;32m  OK  [0m] Reached target Local File Systems.
         Starting Set console font and keymap...
         Starting Create Volatile Files and Directories...
         Starting Commit a transient machine-id on disk...
         Starting Initial cloud-init job (pre-networking)...
         Starting LSB: AppArmor initialization...
         Starting Tell Plymouth To Write Out Runtime Data...
[[0;32m  OK  [0m] Started Dispatch Password Requests to Console Directory Watch.
[[0;32m  OK  [0m] Started Set console font and keymap.
[[0;32m  OK  [0m] Started Create Volatile Files and Directories.
[[0;32m  OK  [0m] Started Commit a transient machine-id on disk.
[[0;32m  OK  [0m] Started Tell Plymouth To Write Out Runtime Data.
[[0;32m  OK  [0m] Found device /dev/ttyS0.
[[0;32m  OK  [0m] Listening on Load/Save RF Kill Switch Status /dev/rfkill Watch.
         Starting Update UTMP about System Boot/Shutdown...
[[0;32m  OK  [0m] Created slice system-getty.slice.
[[0;32m  OK  [0m] Started Update UTMP about System Boot/Shutdown.
[   14.570339] cloud-init[620]: Cloud-init v. 18.3-9-g2e62cb8a-0ubuntu1~16.04.2 running 'init-local' at Wed, 19 Sep 2018 07:12:00 +0000. Up 14.23 seconds.
[[0;32m  OK  [0m] Started LSB: AppArmor initialization.
[[0;32m  OK  [0m] Started Initial cloud-init job (pre-networking).
[[0;32m  OK  [0m] Reached target Network (Pre).
         Starting Raise neework interfaces...
[[0;32m  OK  [0m] Started Raise network interfaces.
         Starting Initial cloud-init job (metadata service crawler)...
[[0;32m  OK  [0m] Reached target Network.
[   16.040916] cloud-init[932]: Cloud-init v. 18.3-9-g2e62cb8a-0ubuntu1~16.04.2 running 'init' at Wed, 19 Sep 2018 07:12:01 +0000. Up 15.11 seconds.
[   16.048505] cloud-init[932]: ci-info: ++++++++++++++++++++++++++++++++++++++Net device info+++++++++++++++++++++++++++++++++++++++
[   16.052046] cloud-init[932]: ci-info: +--------+-------+----------------------------+---------------+--------+-------------------+
[   16.153269] cloud-init[932]: ci-info: | Device |   Up  |          Address           |      Mask     | Scope  |     Hw-Address    |
[   16.153502] cloud-init[932]: ci-info: +--------+-------+----------------------------+---------------+--------+-------------------+
[   16.153604] cloud-init[932]: ci-info: | enp0s3 |  True |         10.0.2.15          | 255.255.255.0 | global | 02:f9:a5:f1:f1:2b |
[[0;32m  OK  [0m] Started Initial cloud-init job (metadata service crawler).
[   16.153810] cloud-init[932]: ci-info: | enp0s3 |  True | fe80::f9:a5ff:fef1:f12b/64 |       .       |  link  | 02:f9:a5:f1:f1:2b |
[   16.246362] cloud-init[932]: ci-info: | enp0s8 | False |             .              |       .       |   .    | 08:00:27:69:4c:37 |
[   16.320371] cloud-init[932]: ci-info: |   lo   |  True |         127.0.0.1          |   255.0.0.0   |  host  |         .         |
[   16.320696] cloud-init[932]: ci-info: |   lo   |  True |          ::1/128           |       .       |  host  |         .         |
[[0;32m  OK  [0m] Reached target Network is Online.
[   16.320821] cloud-init[932]: ci-info: +--------+-------+----------------------------+---------------+--------+-------------------+
[   16.387576] cloud-init[932]: ci-info: +++++++++++++++++++++++++++Route IPv4 info++++++++++++++++++++++++++++
[   16.424703] cloud-init[932]: ci-info: +-------+-------------+----------+---------------+-----------+-------+
[   16.424953] cloud-init[932]: ci-info: | Route | Destination | Gateway  |    Genmask    | Interface | Flags |
[   16.425078] cloud-init[932]: ci-info: +-------+-------------+----------+---------------+-----------+-------+
[   16.425193] cloud-init[932]: ci-info: |   0   |   0.0.0.0   | 10.0.2.2 |    0.0.0.0    |   enp0s3  |   UG  |
[   16.425314] cloud-init[932]: ci-info: |   1   |   10.0.2.0  | 0.0.0.0  | 255.255.255.0 |   enp0s3  |   U   |
[   16.425435] cloud-init[932]: ci-info: +-------+-------------+----------+---------------+-----------+-------+
[   16.425558] cloud-init[932]: ci-info: +++++++++++++++++++Route IPv6 info+++++++++++++++++++
[   16.425680] cloud-init[932]: ci-info: +-------+-------------+---------+-----------+-------+
[   16.425934] cloud-init[932]: ci-info: | Route | Destination | Gateway | Interface | Flags |
[   16.426055] cloud-init[932]: ci-info: +-------+-------------+---------+-----------+-------+
[   16.426175] cloud-init[932]: ci-info: |   0   |  fe80::/64  |    ::   |   enp0s3  |   U   |
[   16.426460] cloud-init[932]: ci-info: |   3   |   ff00::/8  |    ::   |   enp0s3  |   U   |
[   16.426549] cloud-init[932]: ci-info: +-------+-------------+---------+-----------+-------+
[   16.426689] cloud-init[932]: Generating public/private rsa key pair.
         Starting iSCSI initiator daemon (iscsid)...
[[   16.426826] cloud-init[932]: Your identification has been saved in /etc/ssh/ssh_host_rsa_key.
[   16.930116] cloud-init[932]: Your public key has been saved in /etc/ssh/ssh_host_rsa_key.pub.
[   16.930196] cloud-init[932]: The key fingerprint is:
[   16.930442] cloud-init[932]: SHA256:fP8lXIoRphioBcXxWnWCfhMgg1oaaNh1HoD/lDF7tGs root@ubuntu-xenial
[   16.930563] cloud-init[932]: The key's randomart image is:
[   16.930675] cloud-init[932]: +---[RSA 2048]----+
[   16.930794] cloud-init[932]: |.o o+=B..oo .    |
[   16.930912] cloud-init[932]: |o.+ o++*o..o     |
[   16.931030] cloud-init[932]: |.  *  +B+. .o    |
[   16.931149] cloud-init[932]: |  o .o+++ooo .   |
[   16.931400] cloud-init[932]: |    .o..Soo..   .|
[   16.931516] cloud-init[932]: |      . E. . + o |
[   16.931635] cloud-init[932]: |       .    o + .|
[   16.931755] cloud-init[932]: |             . o |
[   16.931877] cloud-init[932]: |              .  |
[   16.931993] cloud-init[932]: +----[SHA256]-----+
[   16.932251] cloud-init[932]: Generating public/private dsa key pair.
[   16.932362] cloud-init[932]: Your identification has been saved in /etc/ssh/ssh_host_dsa_key.
[   16.932481] cloud-init[932]: Your public keyyhas been saved in /etc/ssh/ssh_host_dsa_key.pub.
[   16.932597] cloud-init[932]: The key fingerprint is:
[   16.932717] cloud-init[932]: SHA256:3QDd6STgeqqwBG/nSxxPCS1bVHvaC+Nzr5oX9WpyfUI root@ubuntu-xenial
[   16.932835] cloud-init[932]: The key's randomart image is:
[   16.932954] cloud-init[932]: +---[DSA 1024]----+
[   16.933076] cloud-init[932]: |      ..+o . .   |
[0;32m  OK  [0m] Reached target System Initialization.
[   16.933201] cloud-init[932]: |     o . oo +    |
[   17.188257] cloud-init[932]: |    o o o o+     |
[   17.188509] cloud-init[932]: |     = o = oo    |
[   17.188625] cloud-init[932]: |.   o + S o...   |
[   17.188742] cloud-init[932]: | o . + + o..  E  |
[   17.188860] cloud-init[932]: |  = + o o o. +   |
[   17.189148] cloud-init[932]: | o * .   +o.+ o .|
[   17.189258] cloud-init[932]: |  . +.  oo.=.  o |
[   17.189377] cloud-init[932]: +----[SHA256]-----+
[   17.189498] cloud-init[932]: Generating public/private ecdsa key pair.
[   17.189615] cloud-init[932]: Your identification has been saved in /etc/ssh/ssh_host_ecdsa_key.
[   17.189736] cloud-init[932]: Your public key has been saved in /etc/ssh/ssh_host_ecdsa_key.pub.
[   17.189854] cloud-init[932]: The key fingerprint is:
[[0;32m  OK  [0m] Started Daily apt download activities.
[[   17.190080] cloud-init[932]: SHA256:/cyd96WvCyV76UZ4Fs7LImLtmHocnXvOhRwvDsKeX7U root@ubuntu-xenial
[   17.382651] cloud-init[932]: The key's randomart image is:
[   17.382740] cloud-init[932]: +---[ECDSA 256]---+
[   17.382985] cloud-init[932]: |                 |
[   17.383106] cloud-init[932]: |                 |
[   17.383218] cloud-init[932]: |                 |
[   17.383336] cloud-init[932]: |         .    .  |
[   17.383455] cloud-init[932]: |        S...o+o. |
[   17.383572] cloud-init[932]: |       .. o=.X*+ |
[   17.383691] cloud-init[932]: |       .oo..@=E.o|
[   17.383933] cloud-init[932]: |       .==+=o*+oo|
[   17.384180] cloud-init[932]: |      .+=+o++o=+o|
[   17.384291] cloud-init[932]: +----[SHA256]-----+
[   17.384408] cloud-init[932]: Generating public/private ed25519 key pair.
[   17.384527] cloud-init[932]: Your identification has been saved in /etc/ssh/ssh_host_ed25519_key.
[   17.384646] cloud-init[932]: Your public key has been saved in /etc/ssh/ssh_host_ed25519_key.pub.
[   17.384805] cloud-init[932]: The key fingerprint is:
[   17.385013] cloud-init[932]: SHA256:78ld22ugcwfc19TTYzfmq5mtaSVNL1FwlzCXaqXr/fI root@ubuntu-xenial
[0;32m  OK  [0m] Started Daily apt upgrade and clean activities.
[   17.385057] cloud-init[932]: The key's randomart image is:
[   17.929747] cloud-init[932]: +--[ED25519 256]--+
[[0;32m  OK  [0m] Listening on ACPID Listen Socket.
[   17.929808] cloud-init[932]: |             ooo=|
[   18.015018] cloud-init[932]: |              o=o|
[[0;32m  OK  [0m] Started Daily Cleanup of Temporary Directories.
         Starting Socket activation for snappy daemon.[   18.015370] cloud-init[932]: |              +.o|
[   18.037321] cloud-init[932]: |             +.B=|
[   18.037408] cloud-init[932]: |        S   o OoB|
[   18.037528] cloud-init[932]: |         .   *.=+|
[   18.037655] cloud-init[932]: |          . o B.o|
[   18.037775] cloud-init[932]: |         o = =*B |

[   18.037915] cloud-init[932]: |          + =**=E|
[   18.050073] cloud-init[932]: +----[SHA256]-----+
         Starting LXD - unix socket.
[[0;32m  OK  [0m] Listening on D-Bus System Message Bus Socket.
[[0;32m  OK  [0m] Reached target Timers.
[[0;32m  OK  [0m] Listening on UUID daemon activation socket.
[[0;32m  OK  [0m] Started ACPI Events Check.
[[0;32m  OK  [0m] Reached target Paths.
[[0;32m  OK  [0m] Reached target Cloud-config availability.
[[0;32m  OK  [0m] Listening on Socket activation for snappy daemon.
[[0;32m  OK  [0m] Listening on LXD - unix socket.
[[0;32m  OK  [0m] Started iSCSI initiator daemon (iscsid).
         Starting Login to default iSCSI targets...
[[0;32m  OK  [0m] Reached target Sockets.
[[0;32m  OK  [0m] Reached target Basic System.
         Starting LSB: Record successful boot for GRUB...
         Starting /etc/rc.local Compatibility...
         Starting System Logging Service...
[[0;32m  OK  [0m] Started ACPI event daemon.
         Starting Virtualbox guest utils...
[[0;32m  OK  [0m] Started Regular background program processing daemon.
         Starting Pollinate to seed the pseudo random number generator...
[[0;32m  OK  [0m] Started D-Bus System Message Bus.
[[0;32m  OK  [0m] Started Unattended Upgrades Shutdown.
         Starting Accounts Service...
         Starting LXD - container startup/shutdown...
[[0;32m  OK  [0m] Started FUSE filesystem for LXC.
         Starting LSB: MD monitoring daemon...
[[0;32m  OK  [0m] Started Deferred execution scheduler.
         Starting Login Service...
         Starting Snappy daemon...
[[0;32m  OK  [0m] Started System Logging Service.
[[0;32m  OK  [0m] Started /etc/rc.local Compatibility.
[[0;32m  OK  [0m] Started LXD - container startup/shutdown.
[[0;32m  OK  [0m] Started Snappy daemon.
[[0;32m  OK  [0m] Started Login to default iSCSI targets.
[[0;32m  OK  [0m] Started LSB: Record successful boot for GRUB.
[[0;32m  OK  [0m] Started LSB: MD monitoring daemon.
[[0;32m  OK  [0m] Started Virtualbox guest utils.
         Starting Authenticate and Authorize Users to Run Privileged Tasks...
[[0;32m  OK  [0m] Reached target Remote File Systems (Pre).
[[0;32m  OK  [0m] Reached target Remote File Systems.
         Starting Permit User Sessions...
         Starting LSB: automatic crash report generation...
         Starting LSB: Set the CPU Frequency Scaling governor to "ondemand"...
         Starting LSB: daemon to balance interrupts for SMP systems...
         Starting Wait until snapd is fully seeded...
[[0;32m  OK  [0m] Started Permit User Sessions.
[[0;32m  OK  [0m] Started Login Service.
[[0;32m  OK  [0m] Started Authenticate and Authorize Users to Run Privileged Tasks.
[[0;32m  OK  [0m] Started Accounts Service.
         Starting Hold until boot process finishes up...
         Starting Terminate Plymouth Boot Screen...
[[0;32m  OK  [0m] Started LSB: automatic crash report generation.
[[0;32m  OK  [0m] Started LSB: Set the CPU Frequency Scaling governor to "ondemand".
[[0;32m  OK  [0m] Started LSB: daemon to balance interrupts for SMP systems.
[[0;32m  OK  [0m] Started Hold until boot process finishes up.
[[0;32m  OK  [0m] Started Terminate Plymouth Boot Screen.
         Starting Set console scheme...
[[0;32m  OK  [0m] Started Serial Getty on ttyS0.
[[0;32m  OK  [0m] Started Getty on tty1.
[[0;32m  OK  [0m] Reached target Login Prompts.
[[0;32m  OK  [0m] Started Set console scheme.
[[0;32m  OK  [0m] Started Pollinate to seed the pseudo random number generator.
         Starting OpenBSD Secure Shell server...
[[0;32m  OK  [0m] Started OpenBSD Secure Shell server.
[[0;32m  OK  [0m] Created slice User Slice of vagrant.
         Starting User Manager for UID 1000...
[[0;32m  OK  [0m] Started User Manager for UID 1000.
[[0;32m  OK  [0m] Started Session 1 of user vagrant.

Ubuntu 16.04.5 LTS ubuntu-xenial ttyS0

ubuntu-xenial login: [   28.676279] cloud-init[1552]: Generating locales (this might take a while)...
[   29.427945] cloud-init[1552]:   en_US.UTF-8... done
[   29.429176] cloud-init[1552]: Generation complete.
[   29.698100] cloud-init[1552]: Cloud-init v. 18.3-9-g2e62cb8a-0ubuntu1~16.04.2 running 'modules:config' at Wed, 19 Sep 2018 07:12:14 +0000. Up 28.56 seconds.
ci-info: no authorized ssh keys fingerprints found for user ubuntu.
<14>Sep 19 07:12:15 ec2: 
<14>Sep 19 07:12:15 ec2: #############################################################
<14>Sep 19 07:12:15 ec2: -----BEGIN SSH HOST KEY FINGERPRINTS-----
<14>Sep 19 07:12:15 ec2: 1024 SHA256:3QDd6STgeqqwBG/nSxxPCS1bVHvaC+Nzr5oX9WpyfUI root@ubuntu-xenial (DSA)
<14>Sep 19 07:12:15 ec2: 256 SHA256:/cyd96WvCyV76UZ4Fs7LImLtmHocnXvOhRwvDsKeX7U root@ubuntu-xenial (ECDSA)
<14>Sep 19 07:12:15 ec2: 256 SHA256:78ld22ugcwfc19TTYzfmq5mtaSVNL1FwlzCXaqXr/fI root@ubuntu-xenial (ED25519)
<14>Sep 19 07:12:15 ec2: 2048 SHA256:fP8lXIoRphioBcXxWnWCfhMgg1oaaNh1HoD/lDF7tGs root@ubuntu-xenial (RSA)
<14>Sep 19 07:12:15 ec2: -----END SSH HOST KEY FINGERPRINTS-----
<14>Sep 19 07:12:15 ec2: #############################################################
-----BEGIN SSH HOST KEY KEYS-----
ecdsa-sha2-nistp256 AAAAE2VjZHNhLXNoYTItbmlzdHAyNTYAAAAIbmlzdHAyNTYAAABBBOJfD/06YKjUfnS44Sbo8BpNF/8/H44EVxs4qRXkZ9mfYNY1n4fo7jWFm4Xf3iLjfWxwd45W3OdbS/3vM7F56Os= root@ubuntu-xenial
ssh-ed25519 AAAAC3NzaC1lZDI1NTE5AAAAIPQvsisESDT86G7M3HsLQ5Q9bPyBOjHJjlkQuBMPcek0 root@ubuntu-xenial
ssh-rsa AAAAB3NzaC1yc2EAAAADAQABAAABAQCitTQvTMoAyHXKDc7uHpiSJcpBHWln8WqykD7n/sOf3EU4lrFTkT+p5XkT18THhAFzL1R5lE91N/Oy33NBmugMJDkWnrlF7vJhi9rOli/RJp+1LP+r6Azq51vSPgvGzC/V5g8P4I+TamK3pCikDJZAEJLmlyuA7IHrSKV/PlowIs6NBadFn/jiqPW4RmJP0/GpceC1wUFlAX6uWZzQGYJBEf7AhOOghYOZp0oKQNfTf44FYewImn3HScrZonzmwJG26hf3u1wTcCuWTzDyHBucisQLwakHB/hkBU3c0Op2woc5mmVsYTe9eMOqUS/aNYa+jN8wy6mutJOzuUG7f9CV root@ubuntu-xenial
-----END SSH HOST KEY KEYS-----
[   30.091418] cloud-init[1592]: Cloud-init v. 18.3-9-g2e62cb8a-0ubuntu1~16.04.2 running 'modules:final' at Wed, 19 Sep 2018 07:12:15 +0000. Up 29.96 seconds.
[   30.091572] cloud-init[1592]: ci-info: no authorized ssh keys fingerprints found for user ubuntu.
[   30.091665] cloud-init[1592]: Cloud-init v. 18.3-9-g2e62cb8a-0ubuntu1~16.04.2 finished at Wed, 19 Sep 2018 07:12:15 +0000. Datasource DataSourceNoCloud [seed=/dev/sdb][dsmode=net].  Up 30.08 seconds
